2026-06-19T08:55:45.735+05:30  INFO 18568 --- [FinGenieAI] [main] c.w.FinGenieAI.FinGenieAiApplication     : Starting FinGenieAiApplication using Java 21.0.3 with PID 18568 (C:\Users\ZA20695897\Documents\workspace-spring-tool-suite-4-4.23.1.RELEASE\FinGenieAI\target\classes started by ZA20695897 in C:\Users\ZA20695897\Documents\workspace-spring-tool-suite-4-4.23.1.RELEASE\FinGenieAI)
2026-06-19T08:55:45.765+05:30  INFO 18568 --- [FinGenieAI] [main] c.w.FinGenieAI.FinGenieAiApplication     : No active profile set, falling back to 1 default profile: "default"
2026-06-19T08:55:48.456+05:30  INFO 18568 --- [FinGenieAI] [main] .s.d.r.c.RepositoryConfigurationDelegate : Bootstrapping Spring Data JPA repositories in DEFAULT mode.
2026-06-19T08:55:48.658+05:30  INFO 18568 --- [FinGenieAI] [main] .s.d.r.c.RepositoryConfigurationDelegate : Finished Spring Data repository scanning in 179 ms. Found 8 JPA repository interfaces.
2026-06-19T08:55:49.847+05:30  INFO 18568 --- [FinGenieAI] [main] o.s.boot.tomcat.TomcatWebServer          : Tomcat initialized with port 8083 (http)
2026-06-19T08:55:49.884+05:30  INFO 18568 --- [FinGenieAI] [main] o.apache.catalina.core.StandardService   : Starting service [Tomcat]
2026-06-19T08:55:49.885+05:30  INFO 18568 --- [FinGenieAI] [main] o.apache.catalina.core.StandardEngine    : Starting Servlet engine: [Apache Tomcat/11.0.22]
2026-06-19T08:55:50.026+05:30  INFO 18568 --- [FinGenieAI] [main] b.w.c.s.WebApplicationContextInitializer : Root WebApplicationContext: initialization completed in 4084 ms
2026-06-19T08:55:50.336+05:30  INFO 18568 --- [FinGenieAI] [main] org.hibernate.orm.jpa                    : HHH008540: Processing PersistenceUnitInfo [name: default]
2026-06-19T08:55:50.514+05:30  INFO 18568 --- [FinGenieAI] [main] org.hibernate.orm.core                   : HHH000001: Hibernate ORM core version 7.4.1.Final
2026-06-19T08:55:51.865+05:30  INFO 18568 --- [FinGenieAI] [main] o.s.o.j.p.SpringPersistenceUnitInfo      : No LoadTimeWeaver setup: ignoring JPA class transformer
2026-06-19T08:55:51.980+05:30  INFO 18568 --- [FinGenieAI] [main] com.zaxxer.hikari.HikariDataSource       : HikariPool-1 - Starting...
2026-06-19T08:55:52.956+05:30  INFO 18568 --- [FinGenieAI] [main] com.zaxxer.hikari.pool.HikariPool        : HikariPool-1 - Added connection com.mysql.cj.jdbc.ConnectionImpl@70d7a49b
2026-06-19T08:55:52.965+05:30  INFO 18568 --- [FinGenieAI] [main] com.zaxxer.hikari.HikariDataSource       : HikariPool-1 - Start completed.
2026-06-19T08:55:53.576+05:30  INFO 18568 --- [FinGenieAI] [main] org.hibernate.orm.connections.pooling    : HHH10001005: Database info:
	Database JDBC URL [jdbc:mysql://localhost:3306/fingenie_db]
	Database driver: MySQL Connector/J
	Database dialect: MySQLDialect
	Database version: 8.0.45
	Default catalog/schema: fingenie_db/undefined
	Autocommit mode: undefined/unknown
	Isolation level: REPEATABLE_READ [default REPEATABLE_READ]
	JDBC fetch size: none
	Pool: DataSourceConnectionProvider
	Minimum pool size: undefined/unknown
	Maximum pool size: undefined/unknown
2026-06-19T08:55:59.797+05:30  INFO 18568 --- [FinGenieAI] [main] org.hibernate.orm.core                   : HHH000489: No JTA platform available (set 'hibernate.transaction.jta.platform' to enable JTA platform integration)
2026-06-19T08:56:00.055+05:30  INFO 18568 --- [FinGenieAI] [main] j.LocalContainerEntityManagerFactoryBean : Initialized JPA EntityManagerFactory for persistence unit 'default'
2026-06-19T08:56:00.265+05:30  INFO 18568 --- [FinGenieAI] [main] o.s.d.j.r.query.QueryEnhancerFactories   : Hibernate is in classpath; If applicable, HQL parser will be used.
2026-06-19T08:56:01.821+05:30  WARN 18568 --- [FinGenieAI] [main] JpaBaseConfiguration$JpaWebConfiguration : spring.jpa.open-in-view is enabled by default. Therefore, database queries may be performed during view rendering. Explicitly configure spring.jpa.open-in-view to disable this warning
2026-06-19T08:56:01.978+05:30  INFO 18568 --- [FinGenieAI] [main] eAuthenticationProviderManagerConfigurer : Global AuthenticationManager configured with AuthenticationProvider bean with name authenticationProvider
2026-06-19T08:56:01.979+05:30  WARN 18568 --- [FinGenieAI] [main] r$InitializeUserDetailsManagerConfigurer : Global AuthenticationManager configured with an AuthenticationProvider bean. UserDetailsService beans will not be used by Spring Security for automatically configuring username/password login. Consider removing the AuthenticationProvider bean. Alternatively, consider using the UserDetailsService in a manually instantiated DaoAuthenticationProvider. If the current configuration is intentional, to turn off this warning, increase the logging level of 'org.springframework.security.config.annotation.authentication.configuration.InitializeUserDetailsBeanManagerConfigurer' to ERROR
2026-06-19T08:56:03.198+05:30  INFO 18568 --- [FinGenieAI] [main] o.s.boot.tomcat.TomcatWebServer          : Tomcat started on port 8083 (http) with context path '/'
2026-06-19T08:56:03.204+05:30  INFO 18568 --- [FinGenieAI] [main] c.w.FinGenieAI.FinGenieAiApplication     : Started FinGenieAiApplication in 18.88 seconds (process running for 20.592)
2026-06-19T09:00:33.991+05:30  INFO 18568 --- [FinGenieAI] [http-nio-8083-exec-1] o.a.c.c.C.[Tomcat].[localhost].[/]       : Initializing Spring DispatcherServlet 'dispatcherServlet'
2026-06-19T09:00:33.991+05:30  INFO 18568 --- [FinGenieAI] [http-nio-8083-exec-1] o.s.web.servlet.DispatcherServlet        : Initializing Servlet 'dispatcherServlet'
2026-06-19T09:00:33.991+05:30  INFO 18568 --- [FinGenieAI] [http-nio-8083-exec-1] o.s.web.servlet.DispatcherServlet        : Completed initialization in 0 ms
2026-06-19T12:27:56.498+05:30  INFO 18568 --- [FinGenieAI] [http-nio-8083-exec-4] c.w.F.service.InvestmentServiceImpl      : Fetching investments for accountId: 1
2026-06-19T12:28:27.515+05:30  INFO 18568 --- [FinGenieAI] [http-nio-8083-exec-5] c.w.F.service.InvestmentServiceImpl      : Creating investment for accountId: 1
2026-06-19T12:28:27.607+05:30  INFO 18568 --- [FinGenieAI] [http-nio-8083-exec-5] c.w.F.service.InvestmentServiceImpl      : Investment created successfully with id: 4
2026-06-19T13:49:14.950+05:30  INFO 18568 --- [FinGenieAI] [http-nio-8083-exec-3] c.w.F.service.InvestmentServiceImpl      : Fetching investments for accountId: 1
2026-06-19T13:49:18.475+05:30  INFO 18568 --- [FinGenieAI] [http-nio-8083-exec-6] c.w.F.service.InvestmentServiceImpl      : Fetching investments for accountId: 4
2026-06-19T13:49:20.099+05:30  INFO 18568 --- [FinGenieAI] [http-nio-8083-exec-7] c.w.F.service.InvestmentServiceImpl      : Fetching investments for accountId: 3
2026-06-19T13:49:21.405+05:30  INFO 18568 --- [FinGenieAI] [http-nio-8083-exec-9] c.w.F.service.InvestmentServiceImpl      : Fetching investments for accountId: 2
2026-06-19T18:14:04.107+05:30  INFO 18568 --- [FinGenieAI] [RMI TCP Connection(627)-127.0.0.1] inMXBeanRegistrar$SpringApplicationAdmin : Application shutdown requested.
2026-06-19T18:14:04.240+05:30  INFO 18568 --- [FinGenieAI] [RMI TCP Connection(627)-127.0.0.1] o.s.boot.tomcat.GracefulShutdown         : Commencing graceful shutdown. Waiting for active requests to complete
2026-06-19T18:14:04.288+05:30  INFO 18568 --- [FinGenieAI] [tomcat-shutdown] o.s.boot.tomcat.GracefulShutdown         : Graceful shutdown complete
2026-06-19T18:14:04.348+05:30  INFO 18568 --- [FinGenieAI] [RMI TCP Connection(627)-127.0.0.1] j.LocalContainerEntityManagerFactoryBean : Closing JPA EntityManagerFactory for persistence unit 'default'
2026-06-19T18:14:04.390+05:30  INFO 18568 --- [FinGenieAI] [RMI TCP Connection(627)-127.0.0.1] com.zaxxer.hikari.HikariDataSource       : HikariPool-1 - Shutdown initiated...
2026-06-19T18:14:04.411+05:30  INFO 18568 --- [FinGenieAI] [RMI TCP Connection(627)-127.0.0.1] com.zaxxer.hikari.HikariDataSource       : HikariPool-1 - Shutdown completed.
